<?xml version="1.0" encoding="utf-8" standalone="no"?>
<!--This file represents the results of running a test suite-->
<test-results name="C:\Users\Ben\Documents\Visual Studio 2010\Projects\PotterKata\KataTests\bin\Release\KataTests.dll" total="6" errors="0" failures="1" not-run="0" inconclusive="0" ignored="0" skipped="0" invalid="0" date="2012-09-06" time="13:28:55">
  <environment nunit-version="2.6.1.12217" clr-version="2.0.50727.5420" os-version="Microsoft Windows NT 6.1.7601 Service Pack 1" platform="Win32NT" cwd="C:\Users\Ben\Downloads\NUnit-2.6.1\NUnit-2.6.1\bin" machine-name="BEN-PC" user="Ben" user-domain="Ben-PC" />
  <culture-info current-culture="en-US" current-uiculture="en-US" />
  <test-suite type="Assembly" name="C:\Users\Ben\Documents\Visual Studio 2010\Projects\PotterKata\KataTests\bin\Release\KataTests.dll" executed="True" result="Failure" success="False" time="0.131" asserts="0">
    <results>
      <test-suite type="Namespace" name="KataTests" executed="True" result="Failure" success="False" time="0.112" asserts="0">
        <results>
          <test-suite type="TestFixture" name="CalculatorTest" executed="True" result="Failure" success="False" time="0.110" asserts="0">
            <results>
              <test-suite type="ParameterizedTest" name="Test1" executed="True" result="Failure" success="False" time="0.077" asserts="0">
                <results>
                  <test-case name="KataTests.CalculatorTest.Test1(System.Collections.Generic.List`1[System.Int32],8m)" executed="True" result="Success" success="True" time="0.043" asserts="1" />
                  <test-case name="KataTests.CalculatorTest.Test1(System.Collections.Generic.List`1[System.Int32],0m)" executed="True" result="Success" success="True" time="0.000" asserts="1" />
                  <test-case name="KataTests.CalculatorTest.Test1(System.Collections.Generic.List`1[System.Int32],15.2m)" executed="True" result="Success" success="True" time="0.000" asserts="1" />
                  <test-case name="KataTests.CalculatorTest.Test1(System.Collections.Generic.List`1[System.Int32],29.6m)" executed="True" result="Success" success="True" time="0.000" asserts="1" />
                  <test-case name="KataTests.CalculatorTest.Test1(System.Collections.Generic.List`1[System.Int32],40.8m)" executed="True" result="Success" success="True" time="0.000" asserts="1" />
                  <test-case name="KataTests.CalculatorTest.Test1(System.Collections.Generic.List`1[System.Int32],51.2m)" executed="True" result="Failure" success="False" time="0.015" asserts="1">
                    <failure>
                      <message><![CDATA[  Expected: 51.2m
  But was:  51.6m
]]></message>
                      <stack-trace><![CDATA[at KataTests.CalculatorTest.Test1(List`1 list, Decimal price) in C:\Users\Ben\Documents\Visual Studio 2010\Projects\PotterKata\KataTests\CalculatorTest.cs:line 18
]]></stack-trace>
                    </failure>
                  </test-case>
                </results>
              </test-suite>
            </results>
          </test-suite>
        </results>
      </test-suite>
    </results>
  </test-suite>
</test-results>